<?xml version="1.0" encoding="UTF-8"?>
<!-- Generated by org.testng.reporters.JUnitXMLReporter -->
<testsuite ignored="0" hostname="Dell-SV" failures="0" tests="4" name="PetStoreTests" time="10.221" errors="0" timestamp="2023-05-03T20:35:53 HST">
  <testcase classname="api.test.UserTests2" name="testPostUser" time="5.302"/>
  <testcase classname="api.test.UserTests2" name="testGetUserByName" time="1.189"/>
  <testcase classname="api.test.UserTests2" name="testUpdateUserByName" time="1.358"/>
  <testcase classname="api.test.UserTests2" name="testDeleteUserByName" time="0.928"/>
</testsuite> <!-- PetStoreTests -->
