<?xml version="1.0" encoding="UTF-8"?>
<!-- Generated by org.testng.reporters.JUnitXMLReporter -->
<testsuite ignored="0" hostname="Dell-SV" failures="0" tests="6" name="Default test" time="8.627" errors="0" timestamp="2023-05-02T20:38:38 HST">
  <testcase classname="api.test.DataDrivenTests" name="testPostUser" time="2.848"/>
  <testcase classname="api.test.DataDrivenTests" name="testPostUser" time="1.088"/>
  <testcase classname="api.test.DataDrivenTests" name="testPostUser" time="1.079"/>
  <testcase classname="api.test.DataDrivenTests" name="testDeleteUserByName" time="0.708"/>
  <testcase classname="api.test.DataDrivenTests" name="testDeleteUserByName" time="0.662"/>
  <testcase classname="api.test.DataDrivenTests" name="testDeleteUserByName" time="0.672"/>
</testsuite> <!-- Default test -->
