<?xml version="1.0" encoding="UTF-8"?>
<testng-results ignored="0" total="4" passed="4" failed="0" skipped="0">
  <reporter-output>
  </reporter-output>
  <suite started-at="2023-05-02T23:46:23 HST" name="PetStoreSuite" finished-at="2023-05-02T23:46:32 HST" duration-ms="9163">
    <groups>
    </groups>
    <test started-at="2023-05-02T23:46:23 HST" name="PetStoreTests" finished-at="2023-05-02T23:46:32 HST" duration-ms="9163">
      <class name="api.test.UserTests2">
        <test-method is-config="true" signature="setupData()[pri:0, instance:api.test.UserTests2@4659191b]" started-at="2023-05-02T23:46:23 HST" name="setupData" finished-at="2023-05-02T23:46:25 HST" duration-ms="1392" status="PASS">
          <reporter-output>
          </reporter-output>
        </test-method> <!-- setupData -->
        <test-method signature="testPostUser()[pri:1, instance:api.test.UserTests2@4659191b]" started-at="2023-05-02T23:46:25 HST" name="testPostUser" finished-at="2023-05-02T23:46:29 HST" duration-ms="4055" status="PASS">
          <reporter-output>
          </reporter-output>
        </test-method> <!-- testPostUser -->
        <test-method signature="testGetUserByName()[pri:2, instance:api.test.UserTests2@4659191b]" started-at="2023-05-02T23:46:29 HST" name="testGetUserByName" finished-at="2023-05-02T23:46:29 HST" duration-ms="701" status="PASS">
          <reporter-output>
          </reporter-output>
        </test-method> <!-- testGetUserByName -->
        <test-method signature="testUpdateUserByName()[pri:2, instance:api.test.UserTests2@4659191b]" started-at="2023-05-02T23:46:29 HST" name="testUpdateUserByName" finished-at="2023-05-02T23:46:31 HST" duration-ms="1739" status="PASS">
          <reporter-output>
          </reporter-output>
        </test-method> <!-- testUpdateUserByName -->
        <test-method signature="testDeleteUserByName()[pri:4, instance:api.test.UserTests2@4659191b]" started-at="2023-05-02T23:46:31 HST" name="testDeleteUserByName" finished-at="2023-05-02T23:46:32 HST" duration-ms="640" status="PASS">
          <reporter-output>
          </reporter-output>
        </test-method> <!-- testDeleteUserByName -->
      </class> <!-- api.test.UserTests2 -->
    </test> <!-- PetStoreTests -->
  </suite> <!-- PetStoreSuite -->
</testng-results>
