<?xml version="1.0" encoding="UTF-8"?>
<!-- Generated by org.testng.reporters.JUnitXMLReporter -->
<testsuite ignored="0" hostname="Dell-SV" failures="0" tests="4" name="PetStoreTests" time="9.163" errors="0" timestamp="2023-05-02T23:46:32 HST">
  <testcase classname="api.test.UserTests2" name="testPostUser" time="4.055"/>
  <testcase classname="api.test.UserTests2" name="testGetUserByName" time="0.701"/>
  <testcase classname="api.test.UserTests2" name="testUpdateUserByName" time="1.739"/>
  <testcase classname="api.test.UserTests2" name="testDeleteUserByName" time="0.64"/>
</testsuite> <!-- PetStoreTests -->
